<?xml version="1.0" encoding="UTF-8"?>
<!-- Generated by org.testng.reporters.JUnitReportReporter -->
<testsuite hostname="DESKTOP-U6LF9DE" failures="0" tests="1" name="First_Framework.TraineeTestCase" time="37.870" errors="0" timestamp="2022-11-10T09:58:37 IST" skipped="0">
  <testcase classname="First_Framework.TraineeTestCase" name="testUntitledTestCase" time="37.870"/>
  <system-out/>
</testsuite> <!-- First_Framework.TraineeTestCase -->
