<?xml version="1.0" encoding="UTF-8"?>
<!-- Generated by org.testng.reporters.JUnitReportReporter -->
<testsuite hostname="DESKTOP-U6LF9DE" failures="0" tests="1" name="First_Framework.TestCase_02" time="42.029" errors="0" timestamp="2022-11-09T19:20:53 IST" skipped="0">
  <testcase classname="First_Framework.TestCase_02" name="testUntitledTestCase" time="42.029"/>
  <system-out/>
</testsuite> <!-- First_Framework.TestCase_02 -->
