<?xml version="1.0" encoding="UTF-8"?>
<!-- Generated by org.testng.reporters.JUnitReportReporter -->
<testsuite hostname="DESKTOP-U6LF9DE" failures="0" tests="1" name="First_Framework.AdminTestCase" time="51.854" errors="0" timestamp="2022-11-10T09:57:46 IST" skipped="0">
  <testcase classname="First_Framework.AdminTestCase" name="testUntitledTestCase" time="51.854"/>
  <system-out/>
</testsuite> <!-- First_Framework.AdminTestCase -->
